[debug] [2020-09-04T17:09:59.693Z] ----------------------------------------------------------------------
[debug] [2020-09-04T17:09:59.726Z] Command:       /home/hernan/.nvm/versions/node/v10.22.0/bin/node /home/hernan/.nvm/versions/node/v10.22.0/bin/firebase serve
[debug] [2020-09-04T17:09:59.730Z] CLI Version:   8.10.0
[debug] [2020-09-04T17:09:59.730Z] Platform:      linux
[debug] [2020-09-04T17:09:59.731Z] Node Version:  v10.22.0
[debug] [2020-09-04T17:09:59.732Z] Time:          Fri Sep 04 2020 14:09:59 GMT-0300 (Uruguay Standard Time)
[debug] [2020-09-04T17:09:59.732Z] ----------------------------------------------------------------------
[debug] [2020-09-04T17:09:59.733Z] 
[debug] [2020-09-04T17:09:59.766Z] > command requires scopes: ["email","openid","https://www.googleapis.com/auth/cloudplatformprojects.readonly","https://www.googleapis.com/auth/firebase","https://www.googleapis.com/auth/cloud-platform"]
[debug] [2020-09-04T17:09:59.767Z] > authorizing via signed-in user
[debug] [2020-09-04T17:09:59.768Z] [iam] checking project api-rest-node-798fc for permissions ["firebase.projects.get"]
[debug] [2020-09-04T17:09:59.783Z] >>> HTTP REQUEST POST https://cloudresourcemanager.googleapis.com/v1/projects/api-rest-node-798fc:testIamPermissions  
 {"permissions":["firebase.projects.get"]}
[debug] [2020-09-04T17:10:01.495Z] <<< HTTP RESPONSE 200 {"content-type":"application/json; charset=UTF-8","vary":"X-Origin, Referer, Origin,Accept-Encoding","date":"Fri, 04 Sep 2020 17:10:01 GMT","server":"ESF","cache-control":"private","x-xss-protection":"0","x-frame-options":"SAMEORIGIN","x-content-type-options":"nosniff","server-timing":"gfet4t7; dur=917","alt-svc":"h3-29=\":443\"; ma=2592000,h3-27=\":443\"; ma=2592000,h3-T051=\":443\"; ma=2592000,h3-T050=\":443\"; ma=2592000,h3-Q050=\":443\"; ma=2592000,h3-Q046=\":443\"; ma=2592000,h3-Q043=\":443\"; ma=2592000,quic=\":443\"; ma=2592000; v=\"46,43\"","accept-ranges":"none","transfer-encoding":"chunked"}
[debug] [2020-09-04T17:10:01.537Z] >>> HTTP REQUEST GET https://firebase.googleapis.com/v1beta1/projects/api-rest-node-798fc  
 
[debug] [2020-09-04T17:10:02.445Z] <<< HTTP RESPONSE 200 {"content-type":"application/json; charset=UTF-8","vary":"X-Origin, Referer, Origin,Accept-Encoding","date":"Fri, 04 Sep 2020 17:10:02 GMT","server":"ESF","cache-control":"private","x-xss-protection":"0","x-frame-options":"SAMEORIGIN","x-content-type-options":"nosniff","alt-svc":"h3-29=\":443\"; ma=2592000,h3-27=\":443\"; ma=2592000,h3-T051=\":443\"; ma=2592000,h3-T050=\":443\"; ma=2592000,h3-Q050=\":443\"; ma=2592000,h3-Q046=\":443\"; ma=2592000,h3-Q043=\":443\"; ma=2592000,quic=\":443\"; ma=2592000; v=\"46,43\"","accept-ranges":"none","transfer-encoding":"chunked"}
[info] 
[info] === Serving from '/home/hernan/api-rest-node'...
[info] 
[info] ✔  functions: Using node@10 from host. {"metadata":{"emulator":{"name":"functions"},"message":"Using node@10 from host."}}
[debug] [2020-09-04T17:10:02.586Z] defaultcredentials: writing to file /home/hernan/.config/firebase/hpereyradaluz_gmail_com_application_default_credentials.json
[debug] [2020-09-04T17:10:02.603Z] Setting GAC to /home/hernan/.config/firebase/hpereyradaluz_gmail_com_application_default_credentials.json {"metadata":{"emulator":{"name":"functions"},"message":"Setting GAC to /home/hernan/.config/firebase/hpereyradaluz_gmail_com_application_default_credentials.json"}}
[info] i  functions: Watching "/home/hernan/api-rest-node/functions" for Cloud Functions... {"metadata":{"emulator":{"name":"functions"},"message":"Watching \"/home/hernan/api-rest-node/functions\" for Cloud Functions..."}}
[debug] [2020-09-04T17:10:02.922Z] [worker-pool] addWorker(~diagnostic~) {"metadata":{"emulator":{"name":"functions"},"message":"[worker-pool] addWorker(~diagnostic~)"}}
[debug] [2020-09-04T17:10:02.925Z] [worker-pool] Adding worker with key ~diagnostic~, total=1 {"metadata":{"emulator":{"name":"functions"},"message":"[worker-pool] Adding worker with key ~diagnostic~, total=1"}}
[debug] [2020-09-04T17:10:02.929Z] [worker-pool] submitWork(triggerId=) {"metadata":{"emulator":{"name":"functions"},"message":"[worker-pool] submitWork(triggerId=)"}}
[debug] [2020-09-04T17:10:02.937Z] [worker-~diagnostic~-1cc8afe1-4562-4c57-9906-b743d97d57fd]: Assigning socketPath: /tmp/fire_emu_6502.sock {"metadata":{"emulator":{"name":"functions"},"message":"[worker-~diagnostic~-1cc8afe1-4562-4c57-9906-b743d97d57fd]: Assigning socketPath: /tmp/fire_emu_6502.sock"}}
[debug] [2020-09-04T17:10:02.943Z] [worker-~diagnostic~-1cc8afe1-4562-4c57-9906-b743d97d57fd]: BUSY {"metadata":{"emulator":{"name":"functions"},"message":"[worker-~diagnostic~-1cc8afe1-4562-4c57-9906-b743d97d57fd]: BUSY"}}
[debug] [2020-09-04T17:10:06.156Z] [runtime-status] [6502] Functions runtime initialized. {"cwd":"/home/hernan/api-rest-node/functions","node_version":"10.22.0"} {"metadata":{"emulator":{"name":"functions"},"message":"[runtime-status] [6502] Functions runtime initialized. {\"cwd\":\"/home/hernan/api-rest-node/functions\",\"node_version\":\"10.22.0\"}"}}
[debug] [2020-09-04T17:10:06.166Z] [runtime-status] [6502] Disabled runtime features: undefined {"metadata":{"emulator":{"name":"functions"},"message":"[runtime-status] [6502] Disabled runtime features: undefined"}}
[debug] [2020-09-04T17:10:06.181Z] [runtime-status] [6502] Resolved module firebase-admin {"declared":true,"installed":true,"version":"8.13.0","resolution":"/home/hernan/api-rest-node/functions/node_modules/firebase-admin/lib/index.js"} {"metadata":{"emulator":{"name":"functions"},"message":"[runtime-status] [6502] Resolved module firebase-admin {\"declared\":true,\"installed\":true,\"version\":\"8.13.0\",\"resolution\":\"/home/hernan/api-rest-node/functions/node_modules/firebase-admin/lib/index.js\"}"}}
[debug] [2020-09-04T17:10:06.188Z] [runtime-status] [6502] Resolved module firebase-functions {"declared":true,"installed":true,"version":"3.11.0","resolution":"/home/hernan/api-rest-node/functions/node_modules/firebase-functions/lib/index.js"} {"metadata":{"emulator":{"name":"functions"},"message":"[runtime-status] [6502] Resolved module firebase-functions {\"declared\":true,\"installed\":true,\"version\":\"3.11.0\",\"resolution\":\"/home/hernan/api-rest-node/functions/node_modules/firebase-functions/lib/index.js\"}"}}
[debug] [2020-09-04T17:10:06.193Z] [runtime-status] [6502] Resolved module firebase-functions {"declared":true,"installed":true,"version":"3.11.0","resolution":"/home/hernan/api-rest-node/functions/node_modules/firebase-functions/lib/index.js"} {"metadata":{"emulator":{"name":"functions"},"message":"[runtime-status] [6502] Resolved module firebase-functions {\"declared\":true,\"installed\":true,\"version\":\"3.11.0\",\"resolution\":\"/home/hernan/api-rest-node/functions/node_modules/firebase-functions/lib/index.js\"}"}}
[debug] [2020-09-04T17:10:06.213Z] [runtime-status] [6502] Outgoing network have been stubbed. [{"name":"http","status":"mocked"},{"name":"http","status":"mocked"},{"name":"https","status":"mocked"},{"name":"https","status":"mocked"},{"name":"net","status":"mocked"}] {"metadata":{"emulator":{"name":"functions"},"message":"[runtime-status] [6502] Outgoing network have been stubbed. [{\"name\":\"http\",\"status\":\"mocked\"},{\"name\":\"http\",\"status\":\"mocked\"},{\"name\":\"https\",\"status\":\"mocked\"},{\"name\":\"https\",\"status\":\"mocked\"},{\"name\":\"net\",\"status\":\"mocked\"}]"}}
[debug] [2020-09-04T17:10:06.217Z] [runtime-status] [6502] Resolved module firebase-functions {"declared":true,"installed":true,"version":"3.11.0","resolution":"/home/hernan/api-rest-node/functions/node_modules/firebase-functions/lib/index.js"} {"metadata":{"emulator":{"name":"functions"},"message":"[runtime-status] [6502] Resolved module firebase-functions {\"declared\":true,\"installed\":true,\"version\":\"3.11.0\",\"resolution\":\"/home/hernan/api-rest-node/functions/node_modules/firebase-functions/lib/index.js\"}"}}
[debug] [2020-09-04T17:10:06.652Z] [runtime-status] [6502] Checked functions.config() {"config":{}} {"metadata":{"emulator":{"name":"functions"},"message":"[runtime-status] [6502] Checked functions.config() {\"config\":{}}"}}
[debug] [2020-09-04T17:10:06.655Z] [runtime-status] [6502] firebase-functions has been stubbed. {"functionsResolution":{"declared":true,"installed":true,"version":"3.11.0","resolution":"/home/hernan/api-rest-node/functions/node_modules/firebase-functions/lib/index.js"}} {"metadata":{"emulator":{"name":"functions"},"message":"[runtime-status] [6502] firebase-functions has been stubbed. {\"functionsResolution\":{\"declared\":true,\"installed\":true,\"version\":\"3.11.0\",\"resolution\":\"/home/hernan/api-rest-node/functions/node_modules/firebase-functions/lib/index.js\"}}"}}
[debug] [2020-09-04T17:10:06.662Z] [runtime-status] [6502] Resolved module firebase-functions {"declared":true,"installed":true,"version":"3.11.0","resolution":"/home/hernan/api-rest-node/functions/node_modules/firebase-functions/lib/index.js"} {"metadata":{"emulator":{"name":"functions"},"message":"[runtime-status] [6502] Resolved module firebase-functions {\"declared\":true,\"installed\":true,\"version\":\"3.11.0\",\"resolution\":\"/home/hernan/api-rest-node/functions/node_modules/firebase-functions/lib/index.js\"}"}}
[debug] [2020-09-04T17:10:06.675Z] [runtime-status] [6502] Resolved module firebase-admin {"declared":true,"installed":true,"version":"8.13.0","resolution":"/home/hernan/api-rest-node/functions/node_modules/firebase-admin/lib/index.js"} {"metadata":{"emulator":{"name":"functions"},"message":"[runtime-status] [6502] Resolved module firebase-admin {\"declared\":true,\"installed\":true,\"version\":\"8.13.0\",\"resolution\":\"/home/hernan/api-rest-node/functions/node_modules/firebase-admin/lib/index.js\"}"}}
[debug] [2020-09-04T17:10:06.680Z] [runtime-status] [6502] Resolved module firebase-functions {"declared":true,"installed":true,"version":"3.11.0","resolution":"/home/hernan/api-rest-node/functions/node_modules/firebase-functions/lib/index.js"} {"metadata":{"emulator":{"name":"functions"},"message":"[runtime-status] [6502] Resolved module firebase-functions {\"declared\":true,\"installed\":true,\"version\":\"3.11.0\",\"resolution\":\"/home/hernan/api-rest-node/functions/node_modules/firebase-functions/lib/index.js\"}"}}
[debug] [2020-09-04T17:10:06.681Z] [runtime-status] [6502] firebase-admin has been stubbed. {"adminResolution":{"declared":true,"installed":true,"version":"8.13.0","resolution":"/home/hernan/api-rest-node/functions/node_modules/firebase-admin/lib/index.js"}} {"metadata":{"emulator":{"name":"functions"},"message":"[runtime-status] [6502] firebase-admin has been stubbed. {\"adminResolution\":{\"declared\":true,\"installed\":true,\"version\":\"8.13.0\",\"resolution\":\"/home/hernan/api-rest-node/functions/node_modules/firebase-admin/lib/index.js\"}}"}}
[debug] [2020-09-04T17:10:06.692Z] [worker-~diagnostic~-1cc8afe1-4562-4c57-9906-b743d97d57fd]: IDLE {"metadata":{"emulator":{"name":"functions"},"message":"[worker-~diagnostic~-1cc8afe1-4562-4c57-9906-b743d97d57fd]: IDLE"}}
